<?xml version="1.0" encoding="UTF-8"?>
<!-- Generated by org.testng.reporters.JUnitReportReporter -->
<testsuite skipped="0" hostname="User-PC" name="test.Test1_GoogleSearch_TestNGDemo" tests="1" failures="0" timestamp="10 Sep 2018 09:49:35 GMT" time="8.233" errors="0">
  <testcase name="googleSearch" time="8.233" classname="test.Test1_GoogleSearch_TestNGDemo"/>
</testsuite> <!-- test.Test1_GoogleSearch_TestNGDemo -->
